[2025-05-28 14:52:50] Starting profile.php
[2025-05-28 14:52:50] Database included
[2025-05-28 14:52:50] Profile ID: 11, Current User: 11
[2025-05-28 14:55:38] Starting profile.php
[2025-05-28 14:55:38] Database included
[2025-05-28 14:55:38] Profile ID: 11, Current User: 11
[2025-05-28 14:55:38] User query successful
[2025-05-28 14:55:38] Posts query successful
[2025-05-28 14:55:45] Starting profile.php
[2025-05-28 14:55:45] Database included
[2025-05-28 14:55:45] Profile ID: 11, Current User: 11
[2025-05-28 14:55:45] User query successful
[2025-05-28 14:55:45] Posts query successful
[2025-05-28 14:55:47] Starting profile.php
[2025-05-28 14:55:47] Database included
[2025-05-28 14:55:47] Profile ID: 11, Current User: 11
[2025-05-28 14:55:47] User query successful
[2025-05-28 14:55:47] Posts query successful
[2025-05-28 14:55:48] Starting profile.php
[2025-05-28 14:55:48] Database included
[2025-05-28 14:55:48] Profile ID: 11, Current User: 11
[2025-05-28 14:55:48] User query successful
[2025-05-28 14:55:48] Posts query successful
[2025-05-28 14:55:48] Starting profile.php
[2025-05-28 14:55:48] Database included
[2025-05-28 14:55:48] Profile ID: 11, Current User: 11
[2025-05-28 14:55:48] User query successful
[2025-05-28 14:55:48] Posts query successful
[2025-05-28 14:55:48] Starting profile.php
[2025-05-28 14:55:48] Database included
[2025-05-28 14:55:48] Profile ID: 11, Current User: 11
[2025-05-28 14:55:48] User query successful
[2025-05-28 14:55:48] Posts query successful
[2025-05-28 14:55:48] Starting profile.php
[2025-05-28 14:55:48] Database included
[2025-05-28 14:55:48] Profile ID: 11, Current User: 11
[2025-05-28 14:55:48] User query successful
[2025-05-28 14:55:48] Posts query successful
[2025-05-28 14:55:48] Starting profile.php
[2025-05-28 14:55:48] Database included
[2025-05-28 14:55:48] Profile ID: 11, Current User: 11
[2025-05-28 14:55:48] User query successful
[2025-05-28 14:55:48] Posts query successful
[2025-05-28 14:55:48] Starting profile.php
[2025-05-28 14:55:48] Database included
[2025-05-28 14:55:48] Profile ID: 11, Current User: 11
[2025-05-28 14:55:48] User query successful
[2025-05-28 14:55:48] Posts query successful
[2025-05-28 14:55:48] Starting profile.php
[2025-05-28 14:55:48] Database included
[2025-05-28 14:55:48] Profile ID: 11, Current User: 11
[2025-05-28 14:55:48] User query successful
[2025-05-28 14:55:48] Posts query successful
[2025-05-28 14:55:58] Starting profile.php
[2025-05-28 14:55:58] Database included
[2025-05-28 14:55:58] Profile ID: 11, Current User: 11
[2025-05-28 14:55:58] User query successful
[2025-05-28 14:55:58] Posts query successful
[2025-05-28 14:56:08] Starting profile.php
[2025-05-28 14:56:08] Database included
[2025-05-28 14:56:08] Profile ID: 11, Current User: 11
[2025-05-28 14:56:08] User query successful
[2025-05-28 14:56:08] Posts query successful
[2025-05-28 14:56:32] Starting profile.php
[2025-05-28 14:56:32] Database included
[2025-05-28 14:56:32] Profile ID: 11, Current User: 11
[2025-05-28 14:56:32] User query successful
[2025-05-28 14:56:32] Posts query successful
[2025-05-28 14:56:46] Starting profile.php
[2025-05-28 14:56:46] Database included
[2025-05-28 14:56:46] Profile ID: 11, Current User: 11
[2025-05-28 14:56:46] User query successful
[2025-05-28 14:56:46] Posts query successful
[2025-05-28 14:56:54] Starting profile.php
[2025-05-28 14:56:54] Database included
[2025-05-28 14:56:54] Profile ID: 11, Current User: 11
[2025-05-28 14:56:54] User query successful
[2025-05-28 14:56:54] Posts query successful
[2025-05-28 14:56:57] Starting profile.php
[2025-05-28 14:56:57] Database included
[2025-05-28 14:56:57] Profile ID: 11, Current User: 11
[2025-05-28 14:56:57] User query successful
[2025-05-28 14:56:57] Posts query successful
[2025-05-28 14:57:06] Starting profile.php
[2025-05-28 14:57:06] Database included
[2025-05-28 14:57:06] Profile ID: 11, Current User: 11
[2025-05-28 14:57:06] User query successful
[2025-05-28 14:57:06] Posts query successful
[2025-05-28 14:58:10] Starting profile.php
[2025-05-28 14:58:10] Database included
[2025-05-28 14:58:10] Profile ID: 11, Current User: 11
[2025-05-28 14:58:10] User query successful
[2025-05-28 14:58:10] Posts query successful
[2025-05-28 14:58:35] Starting profile.php
[2025-05-28 14:58:35] Database included
[2025-05-28 14:58:35] Profile ID: 11, Current User: 11
[2025-05-28 14:58:35] User query successful
[2025-05-28 14:58:35] Posts query successful
[2025-05-28 14:59:06] Starting profile.php
[2025-05-28 14:59:06] Database included
[2025-05-28 14:59:06] Profile ID: 11, Current User: 11
[2025-05-28 14:59:06] User query successful
[2025-05-28 14:59:06] Posts query successful
[2025-05-28 15:00:04] Starting profile.php
[2025-05-28 15:00:04] Database included
[2025-05-28 15:00:04] Profile ID: 11, Current User: 11
[2025-05-28 15:00:04] User query successful
[2025-05-28 15:00:04] Posts query successful
[2025-05-28 16:11:29] Starting profile.php
[2025-05-28 16:11:29] Database included
[2025-05-28 16:11:29] Profile ID: 11, Current User: 11
[2025-05-28 16:11:29] User query successful
[2025-05-28 16:11:29] Posts query successful
[2025-05-28 17:55:45] Starting profile.php
[2025-05-28 17:55:45] Database included
[2025-05-28 17:55:45] Profile ID: 11, Current User: 11
[2025-05-28 17:55:45] User query successful
[2025-05-28 17:55:45] Posts query successful
[2025-05-28 17:55:49] Starting profile.php
[2025-05-28 17:55:49] Database included
[2025-05-28 17:55:49] Profile ID: 12, Current User: 11
[2025-05-28 17:55:49] User query successful
[2025-05-28 17:55:49] Posts query successful
[2025-05-28 17:56:51] Starting profile.php
[2025-05-28 17:56:51] Database included
[2025-05-28 17:56:51] Profile ID: 12, Current User: 11
[2025-05-28 17:56:51] User query successful
[2025-05-28 17:56:51] Posts query successful
[2025-05-28 17:56:55] Starting profile.php
[2025-05-28 17:56:55] Database included
[2025-05-28 17:56:55] Profile ID: 11, Current User: 11
[2025-05-28 17:56:55] User query successful
[2025-05-28 17:56:55] Posts query successful
[2025-05-28 18:08:53] Starting profile.php
[2025-05-28 18:08:53] Database included
[2025-05-28 18:08:53] No session, redirecting to login
[2025-05-28 18:08:54] Starting profile.php
[2025-05-28 18:08:54] Database included
[2025-05-28 18:08:54] No session, redirecting to login
[2025-05-28 18:08:56] Starting profile.php
[2025-05-28 18:08:56] Database included
[2025-05-28 18:08:56] No session, redirecting to login
[2025-05-28 21:07:50] Starting profile.php
[2025-05-28 21:07:50] Database included
[2025-05-28 21:07:50] Profile ID: 11, Current User: 11
[2025-05-28 21:07:50] User query successful
[2025-05-28 21:07:50] Posts query successful
[2025-05-28 21:08:32] Starting profile.php
[2025-05-28 21:08:32] Database included
[2025-05-28 21:08:32] Profile ID: 12, Current User: 12
[2025-05-28 21:08:32] User query successful
[2025-05-28 21:08:32] Posts query successful
[2025-05-28 21:08:34] Starting profile.php
[2025-05-28 21:08:34] Database included
[2025-05-28 21:08:34] Profile ID: 12, Current User: 12
[2025-05-28 21:08:34] User query successful
[2025-05-28 21:08:34] Posts query successful
